2019-10-14 23:37:50,982 [      0]   INFO -        #com.intellij.idea.Main - ------------------------------------------------------ IDE STARTED ------------------------------------------------------ 
2019-10-14 23:37:51,002 [     20]   INFO -        #com.intellij.idea.Main - initializing environment 
2019-10-14 23:37:51,006 [     24]   INFO - .intellij.util.EnvironmentUtil - loading shell env: /bin/zsh -l -i -c '/Users/irfanhussainbhati/.gradle/caches/modules-2/files-2.1/com.jetbrains.intellij.idea/ideaIC/2019.2.3/654e395e5806d1f0a4741d2f324e48012be56949/ideaIC-2019.2.3/bin/printenv.py' '/private/var/folders/nh/61rx658x19v0_cksqrx490t40000gn/T/intellij-shell-env.tmp' 
2019-10-14 23:37:51,015 [     33]   INFO -        #com.intellij.idea.Main - IDE: IntelliJ IDEA (build #IC-192.6817.14, 24 Sep 2019 10:09) 
2019-10-14 23:37:51,015 [     33]   INFO -        #com.intellij.idea.Main - OS: Mac OS X (10.15, x86_64) 
2019-10-14 23:37:51,015 [     33]   INFO -        #com.intellij.idea.Main - JRE: 11.0.4+10-b304.69 (JetBrains s.r.o) 
2019-10-14 23:37:51,015 [     33]   INFO -        #com.intellij.idea.Main - JVM: 11.0.4+10-b304.69 (OpenJDK 64-Bit Server VM) 
2019-10-14 23:37:51,016 [     34]   INFO -        #com.intellij.idea.Main - JVM Args: -Dapple.awt.fileDialogForDirectories=true -Dapple.laf.useScreenMenuBar=true -Didea.classpath.index.enabled=false -Didea.config.path=/Users/irfanhussainbhati/IdeaProjects/mvp plugin/build/idea-sandbox/config -Didea.is.internal=true -Didea.platform.prefix=Idea -Didea.plugins.path=/Users/irfanhussainbhati/IdeaProjects/mvp plugin/build/idea-sandbox/plugins -Didea.required.plugins.id=mvp.mvp -Didea.smooth.progress=false -Didea.system.path=/Users/irfanhussainbhati/IdeaProjects/mvp plugin/build/idea-sandbox/system -Xms256m -Xmx512m -Dfile.encoding=UTF-8 -Duser.country=GB -Duser.language=en -Duser.variant -ea 
2019-10-14 23:37:51,016 [     34]   INFO -        #com.intellij.idea.Main - charsets: JNU=UTF-8 file=UTF-8 
2019-10-14 23:37:51,459 [    477]   INFO -        #com.intellij.idea.Main - JNA library (64-bit) loaded in 459 ms 
2019-10-14 23:37:51,548 [    566]   INFO - .intellij.util.EnvironmentUtil - shell environment loaded (18 vars) 
2019-10-14 23:37:51,888 [    906]   INFO - tellij.diagnostic.LoadingPhase - Reached SPLASH loading phase 
2019-10-14 23:37:51,918 [    936]   INFO - plication.impl.ApplicationImpl - CPU cores: 4; ForkJoinPool.commonPool: java.util.concurrent.ForkJoinPool@6723ab7d[Running, parallelism = 3, size = 0, active = 0, running = 0, steals = 0, tasks = 0, submissions = 0]; factory: com.intellij.concurrency.IdeaForkJoinWorkerThreadFactory@6b67fb80 
2019-10-14 23:37:52,186 [   1204]   INFO - llij.ide.plugins.PluginManager - Cannot find optional descriptor duplicates-groovy.xml 
2019-10-14 23:37:52,187 [   1205]   INFO - llij.ide.plugins.PluginManager - Cannot find optional descriptor duplicates-detection-groovy.xml 
2019-10-14 23:37:52,325 [   1343]   INFO - m.intellij.ui.mac.touchbar.NST - touchbar-server isn't running, skip nst loading 
2019-10-14 23:37:52,329 [   1347]   INFO - llij.ide.plugins.PluginManager - Cannot find optional descriptor profiler-java.xml 
2019-10-14 23:37:52,529 [   1547]   INFO - llij.ide.plugins.PluginManager - Loaded bundled plugins: Android Support (10.3.4), Ant (192.6817.14), Bytecode Viewer (192.6817.14), ChangeReminder (192.6817.14), Configuration Script (192.6817.14), Copyright (192.6817.14), Coverage (192.6817.14), Eclipse Interoperability (192.6817.14), EditorConfig (192.6817.14), Git (192.6817.14), GitHub (192.6817.14), Gradle (192.6817.14), Gradle-Maven (192.6817.14), Groovy (192.6817.14), IDEA CORE (192.6817.14), IntelliLang (192.6817.14), JUnit (192.6817.14), Java (192.6817.14), Java Bytecode Decompiler (192.6817.14), Java IDE Customization (192.6817.14), Java Internationalization (192.6817.14), Java Stream Debugger (192.6817.14), JavaFX (192.6817.14), Kotlin (1.3.41-release-IJ2019.2-1), Machine Learning Code Completion (192.6817.14), Markdown (192.6817.14), Maven (192.6817.14), Mercurial (192.6817.14), Plugin DevKit (192.6817.14), Properties (192.6817.14), Settings Repository (192.6817.14), Shell Script (192.6817.14), Smali Support (192.6817.14), Subversion (192.6817.14), Task Management (192.6817.14), Terminal (192.6817.14), TestNG (192.6817.14), TextMate bundles (192.6817.14), UI Designer (192.6817.14), XPathView + XSLT (192.6817.14), XSLT Debugger (192.6817.14), YAML (192.6817.14) 
2019-10-14 23:37:52,529 [   1547]   INFO - llij.ide.plugins.PluginManager - Loaded custom plugins: MVP screen creator (0.1) 
2019-10-14 23:37:53,314 [   2332]   INFO - tellij.diagnostic.LoadingPhase - Reached CONFIGURATION_STORE_INITIALIZED loading phase 
2019-10-14 23:37:53,373 [   2391]   INFO - ellij.vfs.persistent.FSRecords - Marking VFS as corrupted: '/Users/irfanhussainbhati/IdeaProjects/mvp plugin/build/idea-sandbox/system/caches/names.dat' does not exist 
2019-10-14 23:37:53,375 [   2393]   INFO - ellij.util.io.PagedFileStorage - lower=100; upper=492; buffer=10; max=492 
2019-10-14 23:37:53,418 [   2436]   INFO - pl.local.NativeFileWatcherImpl - Starting file watcher: /Users/irfanhussainbhati/.gradle/caches/modules-2/files-2.1/com.jetbrains.intellij.idea/ideaIC/2019.2.3/654e395e5806d1f0a4741d2f324e48012be56949/ideaIC-2019.2.3/bin/mac/fsnotifier 
2019-10-14 23:37:53,425 [   2443]   INFO - pl.local.NativeFileWatcherImpl - Native file watcher is operational. 
2019-10-14 23:37:53,889 [   2907]   INFO - .history.utils.LocalHistoryLog - local history version mismatch (was: 0, expected: 6), rebuilding... 
2019-10-14 23:37:53,889 [   2907]   INFO - .history.utils.LocalHistoryLog - FS has been rebuild, rebuilding local history... 
2019-10-14 23:37:54,061 [   3079]   INFO - til.net.ssl.CertificateManager - Default SSL context initialized 
2019-10-14 23:37:55,533 [   4551]   WARN - j.internal.DebugAttachDetector - Unable to start DebugAttachDetector, please add `--add-exports=java.base/jdk.internal.vm=ALL-UNNAMED` to VM options 
2019-10-14 23:37:55,558 [   4576]   INFO - rains.ide.BuiltInServerManager - built-in server started, port 63345 
2019-10-14 23:37:55,832 [   4850]   INFO - il.indexing.FileBasedIndexImpl - File index extensions iterated:159 
2019-10-14 23:37:56,418 [   5436]   INFO - ij.psi.stubs.StubUpdatingIndex - Following new file types will be indexed:Kotlin,KNM,kotlin_builtins,XML,JAVA,KJSM,CLASS,Markdown,Groovy,HTML,DGM File Type,Properties 
2019-10-14 23:37:57,137 [   6155]   INFO - tellij.diagnostic.LoadingPhase - Reached FRAME_SHOWN loading phase 
2019-10-14 23:37:57,155 [   6173]   INFO - pl$FileIndexDataInitialization - Initialization done:1482 
2019-10-14 23:37:57,474 [   6492]   INFO - exImpl$StubIndexInitialization - Initialization done:317 
2019-10-14 23:37:57,656 [   6674]   INFO - com.intellij.ide.ui.UISettings - Loaded: fontSize=12, fontScale=1.0; restored: fontSize=12, fontScale=1.0 
2019-10-14 23:37:58,092 [   7110]   INFO - j.ide.ui.OptionsTopHitProvider - 1253 ms spent to cache options in application 
2019-10-14 23:37:58,476 [   7494]   INFO - pi.util.registry.RegistryValue - Registry value 'java.completion.argument.hints' has changed to 'false' 
2019-10-14 23:37:58,476 [   7494]   INFO - pi.util.registry.RegistryValue - Registry value 'java.completion.argument.hints.internal' has changed to 'false' 
2019-10-14 23:37:59,953 [   8971]  ERROR - nSystem.impl.ActionManagerImpl - kotlin.NewActivityAction PluginClassLoader[mvp.mvp, 0.1] com.intellij.ide.plugins.cl.PluginClassLoader@621a9ead [Plugin: mvp.mvp] 
com.intellij.diagnostic.PluginException: kotlin.NewActivityAction PluginClassLoader[mvp.mvp, 0.1] com.intellij.ide.plugins.cl.PluginClassLoader@621a9ead [Plugin: mvp.mvp]
	at com.intellij.openapi.actionSystem.impl.ActionManagerImpl.instantiate(ActionManagerImpl.java:163)
	at com.intellij.openapi.actionSystem.impl.ActionManagerImpl.convertStub(ActionManagerImpl.java:139)
	at com.intellij.openapi.actionSystem.impl.ActionManagerImpl.getActionImpl(ActionManagerImpl.java:501)
	at com.intellij.openapi.actionSystem.impl.ActionManagerImpl.getAction(ActionManagerImpl.java:489)
	at com.intellij.openapi.actionSystem.impl.ActionManagerImpl.preloadActions(ActionManagerImpl.java:1327)
	at com.intellij.openapi.actionSystem.impl.ActionPreloader.preload(ActionPreloader.java:18)
	at com.intellij.openapi.application.Preloader.lambda$null$1(Preloader.java:74)
	at com.intellij.openapi.progress.impl.CoreProgressManager.lambda$runProcess$2(CoreProgressManager.java:169)
	at com.intellij.openapi.progress.impl.CoreProgressManager.registerIndicatorAndRun(CoreProgressManager.java:591)
	at com.intellij.openapi.progress.impl.CoreProgressManager.executeProcessUnderProgress(CoreProgressManager.java:537)
	at com.intellij.openapi.progress.impl.ProgressManagerImpl.executeProcessUnderProgress(ProgressManagerImpl.java:59)
	at com.intellij.openapi.progress.impl.CoreProgressManager.runProcess(CoreProgressManager.java:156)
	at com.intellij.openapi.application.Preloader.lambda$componentsInitialized$2(Preloader.java:71)
	at com.intellij.util.concurrency.BoundedTaskExecutor.doRun(BoundedTaskExecutor.java:207)
	at com.intellij.util.concurrency.BoundedTaskExecutor.access$100(BoundedTaskExecutor.java:29)
	at com.intellij.util.concurrency.BoundedTaskExecutor$1.lambda$run$0(BoundedTaskExecutor.java:185)
	at com.intellij.util.ConcurrencyUtil.runUnderThreadName(ConcurrencyUtil.java:208)
	at com.intellij.util.concurrency.BoundedTaskExecutor$1.run(BoundedTaskExecutor.java:181)
	at java.base/java.util.concurrent.ThreadPoolExecutor.runWorker(ThreadPoolExecutor.java:1128)
	at java.base/java.util.concurrent.ThreadPoolExecutor$Worker.run(ThreadPoolExecutor.java:628)
	at java.base/java.lang.Thread.run(Thread.java:834)
Caused by: java.lang.ClassNotFoundException: kotlin.NewActivityAction PluginClassLoader[mvp.mvp, 0.1] com.intellij.ide.plugins.cl.PluginClassLoader@621a9ead
	at com.intellij.ide.plugins.cl.PluginClassLoader.loadClass(PluginClassLoader.java:75)
	at java.base/java.lang.ClassLoader.loadClass(ClassLoader.java:521)
	at java.base/java.lang.Class.forName0(Native Method)
	at java.base/java.lang.Class.forName(Class.java:398)
	at com.intellij.openapi.actionSystem.impl.ActionManagerImpl.instantiate(ActionManagerImpl.java:151)
	... 20 more
2019-10-14 23:37:59,958 [   8976]  ERROR - nSystem.impl.ActionManagerImpl - IntelliJ IDEA 2019.2.3  Build #IC-192.6817.14 
2019-10-14 23:37:59,959 [   8977]  ERROR - nSystem.impl.ActionManagerImpl - JDK: 11.0.4; VM: OpenJDK 64-Bit Server VM; Vendor: JetBrains s.r.o 
2019-10-14 23:37:59,959 [   8977]  ERROR - nSystem.impl.ActionManagerImpl - OS: Mac OS X 
2019-10-14 23:37:59,960 [   8978]  ERROR - nSystem.impl.ActionManagerImpl - Plugin to blame: MVP screen creator version: 0.1 
2019-10-14 23:37:59,960 [   8978]  ERROR - nSystem.impl.ActionManagerImpl - Last Action:  
2019-10-14 23:38:23,748 [  32766]   INFO - rationStore.ComponentStoreImpl - Saving appDaemonCodeAnalyzerSettings took 22 ms, DebuggerSettings took 16 ms 
2019-10-14 23:38:24,116 [  33134]   INFO - stubs.SerializationManagerImpl - START StubSerializationManager SHUTDOWN 
2019-10-14 23:38:24,117 [  33135]   INFO - stubs.SerializationManagerImpl - END StubSerializationManager SHUTDOWN 
2019-10-14 23:38:24,117 [  33135]   INFO - il.indexing.FileBasedIndexImpl - START INDEX SHUTDOWN 
2019-10-14 23:38:24,142 [  33160]   INFO - il.indexing.FileBasedIndexImpl - END INDEX SHUTDOWN 
2019-10-14 23:38:24,144 [  33162]   INFO - org.jetbrains.io.BuiltInServer - web server stopped 
2019-10-14 23:38:24,146 [  33164]   INFO - Types.impl.FileTypeManagerImpl - FileTypeManager: 0 auto-detected files
Elapsed time on auto-detect: 0 ms 
2019-10-14 23:38:24,154 [  33172]   INFO - pl.local.NativeFileWatcherImpl - Watcher terminated with exit code 0 
2019-10-14 23:38:24,154 [  33172]   INFO - newvfs.persistent.PersistentFS - VFS dispose started 
2019-10-14 23:38:24,156 [  33174]   INFO - newvfs.persistent.PersistentFS - VFS dispose completed 
2019-10-14 23:38:24,160 [  33178]   INFO - plication.impl.ApplicationImpl - Write action Statistics:
Event number:     2
Total time spent: 131ms
Average duration: 65ms
Median  duration: 0ms
Max     duration: 126ms (it was 'write action (class com.intellij.openapi.projectRoots.impl.DefaultJdkConfigurator$$Lambda$546/0x0000000800701840)') 
2019-10-14 23:38:24,160 [  33178]   INFO - plication.impl.ApplicationImpl - AnAction.update() Statistics:
Event number:     0
Total time spent: 0ms
Average duration: 0ms
Median  duration: 0ms
Max     duration: 0ms (it was 'null') 
2019-10-14 23:38:24,160 [  33178]   INFO - plication.impl.ApplicationImpl - Global instance threads created counter = 6; ProcessIOExecutorService threads: 3 
2019-10-14 23:38:24,165 [  33183]   INFO -        #com.intellij.idea.Main - ------------------------------------------------------ IDE SHUTDOWN ------------------------------------------------------ 
2019-10-14 23:38:24,167 [  33185]   INFO - org.jetbrains.io.BuiltInServer - web server stopped 
2019-10-14 23:39:38,016 [ain Thread]   INFO -        #com.intellij.idea.Main - ------------------------------------------------------ IDE STARTED ------------------------------------------------------ 
2019-10-14 23:39:38,065 [.0_211-b12]   INFO -        #com.intellij.idea.Main - IDE: Android Studio (build #AI-183.6156.11.34.5522156, 02 May 2019 02:38) 
2019-10-14 23:39:38,065 [.0_211-b12]   INFO -        #com.intellij.idea.Main - OS: Mac OS X (10.15, x86_64) 
2019-10-14 23:39:38,066 [.0_211-b12]   INFO -        #com.intellij.idea.Main - JRE: 1.8.0_211-b12 (Oracle Corporation) 
2019-10-14 23:39:38,066 [.0_211-b12]   INFO -        #com.intellij.idea.Main - JVM: 25.211-b12 (Java HotSpot(TM) 64-Bit Server VM) 
2019-10-14 23:39:38,067 [.0_211-b12]   INFO -        #com.intellij.idea.Main - JVM Args: -Dapple.awt.fileDialogForDirectories=true -Dapple.laf.useScreenMenuBar=true -Didea.classpath.index.enabled=false -Didea.config.path=/Users/irfanhussainbhati/IdeaProjects/mvp plugin/build/idea-sandbox/config -Didea.is.internal=true -Didea.platform.prefix=AndroidStudio -Didea.plugins.path=/Users/irfanhussainbhati/IdeaProjects/mvp plugin/build/idea-sandbox/plugins -Didea.required.plugins.id=mvp.mvp -Didea.smooth.progress=false -Didea.system.path=/Users/irfanhussainbhati/IdeaProjects/mvp plugin/build/idea-sandbox/system -Xms256m -Xmx512m -Dfile.encoding=UTF-8 -Duser.country=GB -Duser.language=en -Duser.variant -ea 
2019-10-14 23:39:38,067 [.0_211-b12]   INFO -        #com.intellij.idea.Main - ext: /Library/Java/JavaVirtualMachines/jdk1.8.0_211.jdk/Contents/Home/jre/lib/ext: [sunec.jar, nashorn.jar, cldrdata.jar, jfxrt.jar, dnsns.jar, localedata.jar, sunjce_provider.jar, meta-index, sunpkcs11.jar, jaccess.jar, zipfs.jar] 
2019-10-14 23:39:38,067 [.0_211-b12]   INFO -        #com.intellij.idea.Main - ext: /System/Library/Java/Extensions: [MRJToolkit.jar] 
2019-10-14 23:39:38,068 [.0_211-b12]   INFO -        #com.intellij.idea.Main - charsets: JNU=UTF-8 file=UTF-8 
2019-10-14 23:39:38,328 [.0_211-b12]   INFO -        #com.intellij.idea.Main - JNA library (64-bit) loaded in 260 ms 
2019-10-14 23:39:38,370 [.0_211-b12]   INFO -        #com.intellij.idea.Main - initializing environment 
2019-10-14 23:39:38,372 [d thread 1]   INFO - .intellij.util.EnvironmentUtil - loading shell env: /bin/zsh -l -i -c '/Applications/Android Studio.app/Contents/bin/printenv.py' '/private/var/folders/nh/61rx658x19v0_cksqrx490t40000gn/T/intellij-shell-env.tmp' 
2019-10-14 23:39:38,627 [.0_211-b12]   INFO -     #com.intellij.util.ui.JBUI - User scale factor: 1.0 
2019-10-14 23:39:38,640 [.0_211-b12]   INFO -     #com.intellij.util.ui.JBUI - System scale factor: 2.0 (JRE-managed HiDPI) 
2019-10-14 23:39:38,689 [d thread 1]   INFO - .intellij.util.EnvironmentUtil - shell environment loaded (18 vars) 
2019-10-14 23:39:41,091 [entQueue-0]   INFO - .intellij.idea.IdeaApplication - CPU cores: 4; ForkJoinPool.commonPool: java.util.concurrent.ForkJoinPool@52d9bdfb[Running, parallelism = 3, size = 0, active = 0, running = 0, steals = 0, tasks = 0, submissions = 0]; factory: com.intellij.concurrency.IdeaForkJoinWorkerThreadFactory@6280b5be 
2019-10-14 23:39:42,044 [entQueue-0]   INFO - llij.ide.plugins.PluginManager - Cannot find optional descriptor duplicates-groovy.xml 
2019-10-14 23:39:42,274 [entQueue-0]   INFO - llij.ide.plugins.PluginManager - Plugin 'MVP screen creator' can't be loaded because: Plugin since-build or until-build don't match this product's build number 
2019-10-14 23:39:42,394 [entQueue-0]   INFO - llij.ide.plugins.PluginManager - 40 plugins initialized in 852 ms 
2019-10-14 23:39:42,397 [entQueue-0]   INFO - llij.ide.plugins.PluginManager - Loaded bundled plugins: Android APK Support (1.0), Android Games (1.0), Android NDK Support (1.0), Android Support (10.3.4.1), App Links Assistant (0.1), CVS Integration (11), Copyright (8.1), Coverage (183.6156.11.34.5522156), EditorConfig (183.6156.11.34.5522156), Firebase App Indexing (0.1), Firebase Services (0.1), Firebase Testing (1.0), Git Integration (8.1), GitHub (183.6156.11.34.5522156), Google Cloud Tools Core (0.2.8), Google Cloud Tools For Android Studio (0.2.8), Google Developers Samples (0.3.1), Google Login (1.0), Google Services (0.1), Gradle (183.6156.11.34.5522156), Groovy (9.0), I18n for Java (183.6156.11.34.5522156), IDEA CORE (183.6156.11.34.5522156), IntelliJ Configuration Script (183.6156.11.34.5522156), IntelliLang (8.0), JUnit (1.0), Java Bytecode Decompiler (183.6156.11.34.5522156), Java Stream Debugger (183.6156.11.34.5522156), Kotlin (1.3.31-release-Studio3.4-1), Mercurial Integration (10.0), Properties Support (183.6156.11.34.5522156), Settings Repository (183.6156.11.34.5522156), Smali Support (1.0), Subversion Integration (1.1), Task Management (1.0), Terminal (0.1), Test Recorder (1.0), TestNG-J (8.0), YAML (183.6156.11.34.5522156) 
2019-10-14 23:39:42,398 [entQueue-0]   INFO - llij.ide.plugins.PluginManager - Disabled plugins: MVP screen creator (0.1) 
2019-10-14 23:39:43,375 [entQueue-0]   INFO - pi.util.registry.RegistryState - Registry values changed by user: 
2019-10-14 23:39:43,375 [entQueue-0]   INFO - pi.util.registry.RegistryState -   java.completion.argument.hints.internal = false 
2019-10-14 23:39:43,391 [entQueue-0]   INFO - pi.util.registry.RegistryState - Experimental features enabled for user: inline.browse.button 
2019-10-14 23:39:43,427 [entQueue-0]   INFO - ellij.util.io.PagedFileStorage - lower=100; upper=435; buffer=10; max=435 
2019-10-14 23:39:43,448 [entQueue-0]   INFO - ellij.vfs.persistent.FSRecords - Filesystem storage is corrupted or does not exist. [Re]Building. Reason: FS repository version mismatch 
2019-10-14 23:39:43,463 [entQueue-0]   INFO - ellij.vfs.persistent.FSRecords - Marking VFS as corrupted: '/Users/irfanhussainbhati/IdeaProjects/mvp plugin/build/idea-sandbox/system/caches/names.dat' does not exist 
2019-10-14 23:39:43,481 [entQueue-0]   INFO - pl.local.NativeFileWatcherImpl - Starting file watcher: /Applications/Android Studio.app/Contents/bin/fsnotifier 
2019-10-14 23:39:43,501 [entQueue-0]   INFO - pl.local.NativeFileWatcherImpl - Native file watcher is operational. 
2019-10-14 23:39:44,207 [entQueue-0]   INFO - .history.utils.LocalHistoryLog - FS has been rebuild, rebuilding local history... 
2019-10-14 23:39:44,744 [.0_211-b12]   INFO - j.ide.ui.OptionsTopHitProvider - 154 ms spent to cache options in application 
2019-10-14 23:39:44,745 [.0_211-b12]   INFO - .openapi.application.Preloader - com.intellij.ide.ui.OptionsTopHitProvider$Activity took 154 ms 
2019-10-14 23:39:44,917 [entQueue-0]   INFO - til.net.ssl.CertificateManager - Default SSL context initialized 
2019-10-14 23:39:44,967 [d thread 3]   INFO - rains.ide.BuiltInServerManager - built-in server started, port 63345 
2019-10-14 23:39:45,222 [entQueue-0]   INFO - m.intellij.ui.mac.touchbar.NST - touchbar-server isn't running, skip nst loading 
2019-10-14 23:39:45,234 [entQueue-0]   INFO - gs.impl.UpdateCheckerComponent - channel: release 
2019-10-14 23:39:45,504 [entQueue-0]   INFO - il.indexing.FileBasedIndexImpl - Index exts enumerated:184, number of extensions:43 
2019-10-14 23:39:45,676 [entQueue-0]   INFO - il.indexing.FileBasedIndexImpl - Index scheduled:172 
2019-10-14 23:39:45,731 [entQueue-0]   INFO - tellij.psi.stubs.StubIndexImpl - All stub exts enumerated:51, number of extensions:50 
2019-10-14 23:39:45,732 [entQueue-0]   INFO - tellij.psi.stubs.StubIndexImpl - stub exts update scheduled:0 
2019-10-14 23:39:45,845 [cture Pool]   INFO - stubs.SerializationManagerImpl - Name storage is repaired 
2019-10-14 23:39:46,351 [entQueue-0]   INFO - ellij.project.impl.ProjectImpl - 19 project components initialized in 459 ms 
2019-10-14 23:39:46,643 [cture Pool]   INFO - ij.psi.stubs.StubUpdatingIndex - Following new file types will be indexed:KNM,Groovy,DGM File Type,XML,Properties,CLASS,kotlin_builtins,Kotlin,LLDBCommands,KJSM,HTML,JAVA,GDBCommands 
2019-10-14 23:39:46,820 [entQueue-0]   INFO - com.intellij.ide.ui.UISettings - Loaded: fontSize=12, fontScale=1.0; restored: fontSize=12, fontScale=1.0 
2019-10-14 23:39:47,284 [cture Pool]   INFO - pl$FileIndexDataInitialization - Initialization done:1607 
2019-10-14 23:39:47,479 [cture Pool]   INFO - exImpl$StubIndexInitialization - Initialization done:194 
2019-10-14 23:39:47,960 [entQueue-0]   INFO - plication.impl.ApplicationImpl - 85 application components initialized in 6421ms 
2019-10-14 23:39:47,996 [entQueue-0]   INFO - .intellij.idea.IdeaApplication - App initialization took 11100 ms 
2019-10-14 23:39:47,997 [entQueue-0]   INFO - llij.ide.plugins.PluginManager - org.jetbrains.kotlin loaded 1178 classes 
2019-10-14 23:39:47,997 [entQueue-0]   INFO - llij.ide.plugins.PluginManager - org.jetbrains.android loaded 597 classes 
2019-10-14 23:39:47,997 [entQueue-0]   INFO - llij.ide.plugins.PluginManager - org.intellij.groovy loaded 378 classes 
2019-10-14 23:39:47,997 [entQueue-0]   INFO - llij.ide.plugins.PluginManager - CVS loaded 53 classes 
2019-10-14 23:39:47,997 [entQueue-0]   INFO - llij.ide.plugins.PluginManager - com.intellij.properties loaded 36 classes 
2019-10-14 23:39:47,997 [entQueue-0]   INFO - llij.ide.plugins.PluginManager - Git4Idea loaded 36 classes 
2019-10-14 23:39:47,997 [entQueue-0]   INFO - llij.ide.plugins.PluginManager - org.jetbrains.settingsRepository loaded 34 classes 
2019-10-14 23:39:47,997 [entQueue-0]   INFO - llij.ide.plugins.PluginManager - hg4idea loaded 29 classes 
2019-10-14 23:39:47,997 [entQueue-0]   INFO - llij.ide.plugins.PluginManager - org.jetbrains.plugins.gradle loaded 28 classes 
2019-10-14 23:39:47,997 [entQueue-0]   INFO - llij.ide.plugins.PluginManager - Subversion loaded 26 classes 
2019-10-14 23:39:47,997 [entQueue-0]   INFO - llij.ide.plugins.PluginManager - org.jetbrains.plugins.yaml loaded 26 classes 
2019-10-14 23:39:47,997 [entQueue-0]   INFO - llij.ide.plugins.PluginManager - com.intellij.tasks loaded 24 classes 
2019-10-14 23:39:47,997 [entQueue-0]   INFO - llij.ide.plugins.PluginManager - org.editorconfig.editorconfigjetbrains loaded 23 classes 
2019-10-14 23:39:47,997 [entQueue-0]   INFO - llij.ide.plugins.PluginManager - JUnit loaded 16 classes 
2019-10-14 23:39:47,997 [entQueue-0]   INFO - llij.ide.plugins.PluginManager - TestNG-J loaded 12 classes 
2019-10-14 23:39:47,997 [entQueue-0]   INFO - llij.ide.plugins.PluginManager - org.jetbrains.plugins.github loaded 11 classes 
2019-10-14 23:39:47,997 [entQueue-0]   INFO - llij.ide.plugins.PluginManager - com.android.tools.ndk loaded 9 classes 
2019-10-14 23:39:47,997 [entQueue-0]   INFO - llij.ide.plugins.PluginManager - com.google.gct loaded 7 classes 
2019-10-14 23:39:47,997 [entQueue-0]   INFO - llij.ide.plugins.PluginManager - org.jetbrains.java.decompiler loaded 7 classes 
2019-10-14 23:39:47,997 [entQueue-0]   INFO - llij.ide.plugins.PluginManager - org.intellij.intelliLang loaded 5 classes 
2019-10-14 23:39:47,997 [entQueue-0]   INFO - llij.ide.plugins.PluginManager - com.android.tools.idea.smali loaded 5 classes 
2019-10-14 23:39:47,997 [entQueue-0]   INFO - llij.ide.plugins.PluginManager - com.intellij.java-i18n loaded 4 classes 
2019-10-14 23:39:47,997 [entQueue-0]   INFO - llij.ide.plugins.PluginManager - com.intellij.copyright loaded 3 classes 
2019-10-14 23:39:47,997 [entQueue-0]   INFO - llij.ide.plugins.PluginManager - com.google.gct.core loaded 3 classes 
2019-10-14 23:39:47,997 [entQueue-0]   INFO - llij.ide.plugins.PluginManager - org.jetbrains.plugins.terminal loaded 3 classes 
2019-10-14 23:39:47,998 [entQueue-0]   INFO - llij.ide.plugins.PluginManager - Coverage loaded 2 classes 
2019-10-14 23:39:47,998 [entQueue-0]   INFO - llij.ide.plugins.PluginManager - com.google.gct.login loaded 2 classes 
2019-10-14 23:39:47,998 [entQueue-0]   INFO - llij.ide.plugins.PluginManager - com.google.gct.test.recorder loaded 1 classes 
2019-10-14 23:39:47,998 [entQueue-0]   INFO - llij.ide.plugins.PluginManager - com.google.services.firebase loaded 1 classes 
2019-10-14 23:39:48,869 [.0_211-b12]   INFO - .openapi.application.Preloader - com.intellij.openapi.actionSystem.impl.ActionPreloader took 4122 ms 
2019-10-14 23:39:49,613 [.0_211-b12]   INFO - dk.ClangTidyInspectionProvider - The clang-tidy inspection is disabled. 
2019-10-14 23:39:49,832 [d thread 3]   INFO - s.RepoProgressIndicatorAdapter - File /Users/irfanhussainbhati/.android/repositories.cfg could not be loaded. 
2019-10-14 23:39:49,833 [d thread 3]   INFO - s.RepoProgressIndicatorAdapter - Downloading https://dl.google.com/android/repository/addons_list-3.xml 
2019-10-14 23:39:50,267 [4-thread-2]   INFO - s.RepoProgressIndicatorAdapter - Downloading https://dl.google.com/android/repository/sys-img/android/sys-img2-1.xml 
2019-10-14 23:39:50,267 [4-thread-1]   INFO - s.RepoProgressIndicatorAdapter - Downloading file:/Applications/Android%20Studio.app/Contents/plugins/sdk-updates/offline-repo/offline-repo.xml 
2019-10-14 23:39:50,268 [4-thread-6]   INFO - s.RepoProgressIndicatorAdapter - Downloading https://dl.google.com/android/repository/sys-img/android-tv/sys-img2-1.xml 
2019-10-14 23:39:50,269 [4-thread-7]   INFO - s.RepoProgressIndicatorAdapter - Downloading https://dl.google.com/android/repository/sys-img/google_apis/sys-img2-1.xml 
2019-10-14 23:39:50,269 [4-thread-8]   INFO - s.RepoProgressIndicatorAdapter - Downloading https://dl.google.com/android/repository/sys-img/google_apis_playstore/sys-img2-1.xml 
2019-10-14 23:39:50,269 [4-thread-9]   INFO - s.RepoProgressIndicatorAdapter - Downloading https://dl.google.com/android/repository/addon2-1.xml 
2019-10-14 23:39:50,270 [-thread-10]   INFO - s.RepoProgressIndicatorAdapter - Downloading https://dl.google.com/android/repository/glass/addon2-1.xml 
2019-10-14 23:39:50,270 [-thread-11]   INFO - s.RepoProgressIndicatorAdapter - Downloading https://dl.google.com/android/repository/extras/intel/addon2-1.xml 
2019-10-14 23:39:50,270 [-thread-12]   INFO - s.RepoProgressIndicatorAdapter - Downloading https://dl.google.com/android/repository/repository2-1.xml 
2019-10-14 23:39:50,270 [4-thread-3]   INFO - s.RepoProgressIndicatorAdapter - Downloading https://dl.google.com/android/repository/sys-img/android-automotive/sys-img2-1.xml 
2019-10-14 23:39:50,271 [4-thread-4]   INFO - s.RepoProgressIndicatorAdapter - Downloading https://dl.google.com/android/repository/sys-img/android-wear/sys-img2-1.xml 
2019-10-14 23:39:50,271 [4-thread-5]   INFO - s.RepoProgressIndicatorAdapter - Downloading https://dl.google.com/android/repository/sys-img/android-wear-cn/sys-img2-1.xml 
2019-10-14 23:39:51,270 [entQueue-0]   WARN - vdmanager.AvdManagerConnection - No Android SDK Found 
2019-10-14 23:39:51,314 [.0_211-b12]   INFO - .openapi.application.Preloader - com.intellij.ide.ui.search.SearchableOptionPreloader took 2444 ms 
2019-10-14 23:39:51,956 [.0_211-b12]   INFO - .openapi.application.Preloader - com.intellij.codeInsight.completion.CompletionPreloader took 642 ms 
2019-10-14 23:39:51,968 [.0_211-b12]   INFO - .openapi.application.Preloader - com.intellij.ide.actions.GotoClassPresentationUpdater took 11 ms 
2019-10-14 23:39:52,397 [entQueue-0]   INFO - j.ide.ui.OptionsTopHitProvider - 310 ms spent on EDT to cache options in application 
2019-10-14 23:39:52,399 [entQueue-0]   INFO - .startup.AndroidSdkInitializer - Found Studio home directory at: '/Applications/Android Studio.app/Contents' 
2019-10-14 23:39:52,399 [entQueue-0]   INFO - .startup.AndroidSdkInitializer - Looking for Android SDK at '/Applications/Android Studio.app/Contents/sdk' 
2019-10-14 23:39:52,402 [entQueue-0]   INFO - .startup.AndroidSdkInitializer - Looking for Android SDK at '/Applications/Android Studio.app/sdk' 
2019-10-14 23:39:52,402 [entQueue-0]   INFO - .startup.AndroidSdkInitializer - Unable to locate SDK within the Android studio installation. 
2019-10-14 23:39:52,403 [entQueue-0]   INFO - .startup.AndroidSdkInitializer - Examined and not found a valid Android SDK path: ANDROID_HOME environment variable 
2019-10-14 23:39:52,403 [entQueue-0]   INFO - .startup.AndroidSdkInitializer - Examined and not found a valid Android SDK path: ANDROID_SDK_ROOT environment variable 
2019-10-14 23:39:52,403 [entQueue-0]   INFO - .startup.AndroidSdkInitializer - Examined and not found a valid Android SDK path: Last SDK used by Android tools 
2019-10-14 23:39:52,406 [entQueue-0]   INFO - .startup.AndroidSdkInitializer - Found Studio home directory at: '/Applications/Android Studio.app/Contents' 
2019-10-14 23:39:52,406 [entQueue-0]   INFO - .startup.AndroidSdkInitializer - Looking for Android SDK at '/Applications/Android Studio.app/Contents/sdk' 
2019-10-14 23:39:52,407 [entQueue-0]   INFO - .startup.AndroidSdkInitializer - Looking for Android SDK at '/Applications/Android Studio.app/sdk' 
2019-10-14 23:39:52,407 [entQueue-0]   INFO - .startup.AndroidSdkInitializer - Unable to locate SDK within the Android studio installation. 
2019-10-14 23:39:52,407 [entQueue-0]   INFO - .startup.AndroidSdkInitializer - Examined and not found a valid Android SDK path: ANDROID_HOME environment variable 
2019-10-14 23:39:52,407 [entQueue-0]   INFO - .startup.AndroidSdkInitializer - Examined and not found a valid Android SDK path: ANDROID_SDK_ROOT environment variable 
2019-10-14 23:39:52,407 [entQueue-0]   INFO - .startup.AndroidSdkInitializer - Examined and not found a valid Android SDK path: Last SDK used by Android tools 
2019-10-14 23:40:17,689 [entQueue-0]   INFO - rd.FirstRunWizardFrameProvider - Overriding welcome frame to be resizable 
2019-10-14 23:40:27,585 [d thread 6]   INFO - pl.projectlevelman.NewMappings - VCS Root: [] - [<Project>] 
2019-10-14 23:40:27,590 [d thread 6]   INFO - pl.projectlevelman.NewMappings - VCS Root: [Git] - [/Users/irfanhussainbhati/AndroidStudioProjects/MyApplication] 
2019-10-14 23:40:28,030 [d thread 6]   INFO - ellij.project.impl.ProjectImpl - 159 project components initialized in 1094 ms 
2019-10-14 23:40:28,103 [d thread 6]   INFO - le.impl.ModuleManagerComponent - 1 module(s) loaded in 62 ms 
2019-10-14 23:40:28,319 [d thread 6]   INFO - j.ide.script.IdeStartupScripts - 0 startup script(s) found 
2019-10-14 23:40:28,417 [entQueue-0]   WARN - j.ui.mac.MacMainFrameDecorator - no url bundle present. 
To use platform protocol handler to open external links specify required protocols in the mac app layout section of the build file
Example: args.urlSchemes = ["your-protocol"] will handle following links: your-protocol://open?file=file&line=line 
2019-10-14 23:40:28,464 [entQueue-0]   INFO - rojectCodeStyleSettingsManager - Initialized from default code style settings. 
2019-10-14 23:40:29,201 [entQueue-0]   INFO - idea.project.IndexingSuspender - Subscribing project 'Project '/Users/irfanhussainbhati/AndroidStudioProjects/MyApplication' My Application' to indexing suspender events (com.android.tools.idea.project.IndexingSuspender@19365c) 
2019-10-14 23:40:29,338 [d thread 3]   INFO - ntellij.internal.IconsLoadTime - IMG load time: ide_startup=91.79ms, average=1.84ms, median=1.29ms; number of icons: 50 
2019-10-14 23:40:29,338 [d thread 3]   INFO - ntellij.internal.IconsLoadTime - SVG load time: ide_startup=339.99ms, average=4.42ms, median=2.49ms; number of icons: 77 
2019-10-14 23:40:29,397 [d thread 3]   INFO - ge.ExternalProjectsDataStorage - Loaded external projects data in 29 millis 
2019-10-14 23:40:29,634 [d thread 2]   INFO - penapi.project.DumbServiceImpl - Running dumb mode task: com.intellij.util.indexing.UnindexedFilesUpdater@50baa669 
2019-10-14 23:40:29,740 [d thread 2]   INFO - .diagnostic.PerformanceWatcher - Pushing properties took 104ms; general responsiveness: ok; EDT responsiveness: ok 
2019-10-14 23:40:30,611 [d thread 3]   INFO - tartup.impl.StartupManagerImpl - CreateKotlinSdkActivity run in 1188ms under project opening modal progress 
2019-10-14 23:40:30,703 [d thread 3]   INFO - .diagnostic.PerformanceWatcher - Post-startup activities under progress took 1408ms; general responsiveness: ok; EDT responsiveness: ok 
2019-10-14 23:40:30,867 [entQueue-0]   INFO - ntellij.internal.IconsLoadTime - SVG load time: total=425.34ms, average=4.25ms, median=16.65ms; number of icons: 100 
2019-10-14 23:40:32,169 [entQueue-0]   INFO - tartup.impl.StartupManagerImpl - /Users/irfanhussainbhati/AndroidStudioProjects/MyApplication/.idea case-sensitivity: expected=false actual=false 
2019-10-14 23:40:32,195 [d thread 6]   INFO -  #git4idea.commands.GitHandler - [.] git version 
2019-10-14 23:40:32,217 [eader: git]   INFO -  #git4idea.commands.GitHandler - git version 2.22.0 
2019-10-14 23:40:32,221 [d thread 6]   INFO - ea.config.GitExecutableManager - Git version for /usr/local/bin/git : 2.22.0 
2019-10-14 23:40:32,346 [d thread 6]   INFO - pl.projectlevelman.NewMappings - VCS Root: [Git] - [/Users/irfanhussainbhati/AndroidStudioProjects/MyApplication] 
2019-10-14 23:40:32,376 [ctor-Local]  ERROR - terminal.emulator.JediEmulator - Error processing OSC 1;..MyApplication 
2019-10-14 23:40:32,378 [ctor-Local]  ERROR - terminal.emulator.JediEmulator - Unhandled Control sequence
parsed                        :ESC[?2004h
bytes read                    :ESC[ 
2019-10-14 23:40:32,554 [entQueue-0]   INFO - tor.impl.FileEditorManagerImpl - Project opening took 5636 ms 
2019-10-14 23:40:32,555 [entQueue-0]   INFO - llij.ide.plugins.PluginManager - org.jetbrains.android loaded 1955 classes 
2019-10-14 23:40:32,555 [entQueue-0]   INFO - llij.ide.plugins.PluginManager - org.jetbrains.kotlin loaded 1636 classes 
2019-10-14 23:40:32,555 [entQueue-0]   INFO - llij.ide.plugins.PluginManager - org.intellij.groovy loaded 512 classes 
2019-10-14 23:40:32,555 [entQueue-0]   INFO - llij.ide.plugins.PluginManager - Git4Idea loaded 199 classes 
2019-10-14 23:40:32,555 [entQueue-0]   INFO - llij.ide.plugins.PluginManager - org.jetbrains.debugger.streams loaded 129 classes 
2019-10-14 23:40:32,555 [entQueue-0]   INFO - llij.ide.plugins.PluginManager - com.intellij.tasks loaded 98 classes 
2019-10-14 23:40:32,555 [entQueue-0]   INFO - llij.ide.plugins.PluginManager - org.jetbrains.plugins.gradle loaded 79 classes 
2019-10-14 23:40:32,555 [entQueue-0]   INFO - llij.ide.plugins.PluginManager - CVS loaded 79 classes 
2019-10-14 23:40:32,555 [entQueue-0]   INFO - llij.ide.plugins.PluginManager - Subversion loaded 60 classes 
2019-10-14 23:40:32,555 [entQueue-0]   INFO - llij.ide.plugins.PluginManager - com.intellij.properties loaded 57 classes 
2019-10-14 23:40:32,555 [entQueue-0]   INFO - llij.ide.plugins.PluginManager - org.intellij.intelliLang loaded 54 classes 
2019-10-14 23:40:32,555 [entQueue-0]   INFO - llij.ide.plugins.PluginManager - org.editorconfig.editorconfigjetbrains loaded 53 classes 
2019-10-14 23:40:32,555 [entQueue-0]   INFO - llij.ide.plugins.PluginManager - hg4idea loaded 45 classes 
2019-10-14 23:40:32,555 [entQueue-0]   INFO - llij.ide.plugins.PluginManager - com.google.gct.core loaded 43 classes 
2019-10-14 23:40:32,555 [entQueue-0]   INFO - llij.ide.plugins.PluginManager - org.jetbrains.plugins.terminal loaded 40 classes 
2019-10-14 23:40:32,555 [entQueue-0]   INFO - llij.ide.plugins.PluginManager - com.android.tools.ndk loaded 40 classes 
2019-10-14 23:40:32,555 [entQueue-0]   INFO - llij.ide.plugins.PluginManager - com.android.tools.apk loaded 39 classes 
2019-10-14 23:40:32,555 [entQueue-0]   INFO - llij.ide.plugins.PluginManager - org.jetbrains.settingsRepository loaded 37 classes 
2019-10-14 23:40:32,555 [entQueue-0]   INFO - llij.ide.plugins.PluginManager - org.jetbrains.plugins.yaml loaded 29 classes 
2019-10-14 23:40:32,555 [entQueue-0]   INFO - llij.ide.plugins.PluginManager - org.jetbrains.plugins.github loaded 28 classes 
2019-10-14 23:40:32,555 [entQueue-0]   INFO - llij.ide.plugins.PluginManager - com.google.gct.login loaded 20 classes 
2019-10-14 23:40:32,555 [entQueue-0]   INFO - llij.ide.plugins.PluginManager - Coverage loaded 16 classes 
2019-10-14 23:40:32,555 [entQueue-0]   INFO - llij.ide.plugins.PluginManager - JUnit loaded 16 classes 
2019-10-14 23:40:32,555 [entQueue-0]   INFO - llij.ide.plugins.PluginManager - TestNG-J loaded 14 classes 
2019-10-14 23:40:32,555 [entQueue-0]   INFO - llij.ide.plugins.PluginManager - com.google.gct loaded 13 classes 
2019-10-14 23:40:32,555 [entQueue-0]   INFO - llij.ide.plugins.PluginManager - org.jetbrains.java.decompiler loaded 7 classes 
2019-10-14 23:40:32,555 [entQueue-0]   INFO - llij.ide.plugins.PluginManager - com.intellij.copyright loaded 6 classes 
2019-10-14 23:40:32,555 [entQueue-0]   INFO - llij.ide.plugins.PluginManager - com.android.tools.idea.smali loaded 5 classes 
2019-10-14 23:40:32,555 [entQueue-0]   INFO - llij.ide.plugins.PluginManager - com.intellij.java-i18n loaded 4 classes 
2019-10-14 23:40:32,555 [entQueue-0]   INFO - llij.ide.plugins.PluginManager - com.google.services.firebase loaded 2 classes 
2019-10-14 23:40:32,555 [entQueue-0]   INFO - llij.ide.plugins.PluginManager - com.google.cluestick.studioclient loaded 2 classes 
2019-10-14 23:40:32,555 [entQueue-0]   INFO - llij.ide.plugins.PluginManager - com.google.urlassistant loaded 2 classes 
2019-10-14 23:40:32,555 [entQueue-0]   INFO - llij.ide.plugins.PluginManager - com.google.services loaded 1 classes 
2019-10-14 23:40:32,555 [entQueue-0]   INFO - llij.ide.plugins.PluginManager - com.google.gct.test.recorder loaded 1 classes 
2019-10-14 23:40:38,012 [d thread 2]   INFO - .diagnostic.PerformanceWatcher - Indexable file iteration took 8268ms; general responsiveness: ok; EDT responsiveness: 2/9 sluggish, 1/9 very slow 
2019-10-14 23:40:38,025 [d thread 2]   INFO - indexing.UnindexedFilesUpdater - Unindexed files update started: 50993 files to update 
2019-10-14 23:41:06,193 [ice Thread]   INFO - .openapi.util.LowMemoryWatcher - Low memory signal received: afterGc=false 
2019-10-14 23:41:24,458 [d thread 2]   INFO - .diagnostic.PerformanceWatcher - Unindexed files update took 46433ms; general responsiveness: ok; EDT responsiveness: ok 
2019-10-14 23:41:24,460 [d thread 2]   INFO - penapi.project.DumbServiceImpl - Running dumb mode task: initial refresh 
2019-10-14 23:41:24,463 [d thread 2]   INFO - penapi.project.DumbServiceImpl - Running dumb mode task: com.jetbrains.cidr.lang.symbols.symtable.OCSymbolTablesBuildingActivity$2@41cc9889 
2019-10-14 23:41:24,487 [d thread 2]   INFO -       #com.jetbrains.cidr.lang - Clearing symbols finished in 21 ms 
2019-10-14 23:41:24,514 [d thread 2]   INFO -       #com.jetbrains.cidr.lang - Building symbols in FAST mode, 0 source files from total 0 project files 
2019-10-14 23:41:25,091 [d thread 2]   INFO -       #com.jetbrains.cidr.lang - Loading symbols finished in 603 ms 
2019-10-14 23:41:25,120 [d thread 2]   INFO -       #com.jetbrains.cidr.lang - Loading Header Maps finished in 27 ms 
2019-10-14 23:41:25,181 [d thread 2]   INFO -       #com.jetbrains.cidr.lang - Loading Module Maps finished in 59 ms 
2019-10-14 23:41:25,191 [d thread 2]   INFO -       #com.jetbrains.cidr.lang - Saving Module Maps finished in 5 ms 
2019-10-14 23:41:25,191 [d thread 2]   INFO -       #com.jetbrains.cidr.lang - Loaded 0 tables for 0 files (0 project files) 
2019-10-14 23:41:25,192 [d thread 2]   INFO -       #com.jetbrains.cidr.lang - Building symbols for 0 source files 
2019-10-14 23:41:25,220 [d thread 2]   INFO -       #com.jetbrains.cidr.lang - Building symbols for 0 unused headers 
2019-10-14 23:41:25,222 [d thread 2]   INFO -       #com.jetbrains.cidr.lang - Building symbols finished in 31 ms 
2019-10-14 23:41:25,225 [d thread 2]   INFO -       #com.jetbrains.cidr.lang - Saving modified symbols for 0 files (0 tables of total 0) 
2019-10-14 23:41:25,245 [d thread 2]   INFO -       #com.jetbrains.cidr.lang - Saving symbols finished in 20 ms 
2019-10-14 23:41:25,258 [entQueue-0]   INFO - penapi.project.DumbServiceImpl - updateFinished 
2019-10-14 23:41:25,264 [entQueue-0]   INFO - g.FileBasedIndexProjectHandler - Has changed files: false; project=Project '/Users/irfanhussainbhati/AndroidStudioProjects/MyApplication' My Application 
2019-10-14 23:41:25,504 [entQueue-0]   INFO - j.ide.ui.OptionsTopHitProvider - 231 ms spent to cache options in project 
2019-10-14 23:41:25,504 [entQueue-0]   INFO - tartup.impl.StartupManagerImpl - Some post-startup activities freeze UI for noticeable time. Please consider making them DumbAware to do them in background under modal progress, or just making them faster to speed up project opening. 
2019-10-14 23:41:25,504 [entQueue-0]   INFO - tartup.impl.StartupManagerImpl - Activity run in 231ms on UI thread 
2019-10-14 23:41:25,749 [entQueue-0]   INFO - tartup.impl.StartupManagerImpl - GradleJvmStartupActivity run in 178ms on UI thread 
2019-10-14 23:41:26,336 [entQueue-0]   INFO - j.ide.ui.OptionsTopHitProvider - 485 ms spent on EDT to cache options in project 
2019-10-14 23:41:26,364 [d thread 2]   INFO - penapi.project.DumbServiceImpl - Running dumb mode task: com.android.tools.idea.res.ResourceFolderRepositoryFileCacheImpl$PruneTask@4fad4849 
2019-10-14 23:41:26,450 [d thread 2]   INFO - penapi.project.DumbServiceImpl - Running dumb mode task: com.android.tools.idea.res.ResourceFolderRepositoryFileCacheImpl$ManageLruProjectFilesTask@368a7d52 
2019-10-14 23:41:26,556 [entQueue-0]   INFO - penapi.project.DumbServiceImpl - updateFinished 
2019-10-14 23:41:26,558 [entQueue-0]   INFO - g.FileBasedIndexProjectHandler - Has changed files: false; project=Project '/Users/irfanhussainbhati/AndroidStudioProjects/MyApplication' My Application 
2019-10-14 23:41:26,626 [d thread 2]   INFO - penapi.project.DumbServiceImpl - Running dumb mode task: com.android.tools.idea.res.ResourceFolderRegistry$PopulateCachesTask@60cf50c0 
2019-10-14 23:41:26,689 [entQueue-0]   INFO - penapi.project.DumbServiceImpl - updateFinished 
2019-10-14 23:41:26,690 [entQueue-0]   INFO - g.FileBasedIndexProjectHandler - Has changed files: false; project=Project '/Users/irfanhussainbhati/AndroidStudioProjects/MyApplication' My Application 
2019-10-14 23:41:26,995 [d thread 2]   INFO - CompilerWorkspaceConfiguration - Available processors: 4 
2019-10-14 23:41:31,358 [d thread 2]   INFO -   #git4idea.log.GitLogProvider - Fresh repository: file:///Users/irfanhussainbhati/AndroidStudioProjects/MyApplication 
2019-10-14 23:41:31,366 [d thread 3]   INFO -   #git4idea.log.GitLogProvider - Fresh repository: file:///Users/irfanhussainbhati/AndroidStudioProjects/MyApplication 
